Performing C SOURCE FILE Test CMAKE_HAVE_LIBC_PTHREAD failed with the following output:
Change Dir: /home/victor/workspace/cpp/projects/Calibration/build/CMakeFiles/CMakeTmp

Run Build Command(s):/usr/bin/make cmTC_914b1/fast && /usr/bin/make -f CMakeFiles/cmTC_914b1.dir/build.make CMakeFiles/cmTC_914b1.dir/build
make[1]: вход в каталог «/home/victor/workspace/cpp/projects/Calibration/build/CMakeFiles/CMakeTmp»
Building C object CMakeFiles/cmTC_914b1.dir/src.c.o
/bin/gcc-9   -fPIC -DCMAKE_HAVE_LIBC_PTHREAD   -o CMakeFiles/cmTC_914b1.dir/src.c.o   -c /home/victor/workspace/cpp/projects/Calibration/build/CMakeFiles/CMakeTmp/src.c
Linking C executable cmTC_914b1
/usr/bin/cmake -E cmake_link_script CMakeFiles/cmTC_914b1.dir/link.txt --verbose=1
/bin/gcc-9 -fPIC -DCMAKE_HAVE_LIBC_PTHREAD    CMakeFiles/cmTC_914b1.dir/src.c.o  -o cmTC_914b1 
/usr/bin/ld: CMakeFiles/cmTC_914b1.dir/src.c.o: в функции «main»:
src.c:(.text+0x46): неопределённая ссылка на «pthread_create»
/usr/bin/ld: src.c:(.text+0x52): неопределённая ссылка на «pthread_detach»
/usr/bin/ld: src.c:(.text+0x63): неопределённая ссылка на «pthread_join»
collect2: error: ld returned 1 exit status
make[1]: *** [CMakeFiles/cmTC_914b1.dir/build.make:87: cmTC_914b1] Ошибка 1
make[1]: выход из каталога «/home/victor/workspace/cpp/projects/Calibration/build/CMakeFiles/CMakeTmp»
make: *** [Makefile:121: cmTC_914b1/fast] Ошибка 2


Source file was:
#include <pthread.h>

void* test_func(void* data)
{
  return data;
}

int main(void)
{
  pthread_t thread;
  pthread_create(&thread, NULL, test_func, NULL);
  pthread_detach(thread);
  pthread_join(thread, NULL);
  pthread_atfork(NULL, NULL, NULL);
  pthread_exit(NULL);

  return 0;
}

Determining if the function pthread_create exists in the pthreads failed with the following output:
Change Dir: /home/victor/workspace/cpp/projects/Calibration/build/CMakeFiles/CMakeTmp

Run Build Command(s):/usr/bin/make cmTC_c64be/fast && /usr/bin/make -f CMakeFiles/cmTC_c64be.dir/build.make CMakeFiles/cmTC_c64be.dir/build
make[1]: вход в каталог «/home/victor/workspace/cpp/projects/Calibration/build/CMakeFiles/CMakeTmp»
Building C object CMakeFiles/cmTC_c64be.dir/CheckFunctionExists.c.o
/bin/gcc-9   -fPIC -DCHECK_FUNCTION_EXISTS=pthread_create   -o CMakeFiles/cmTC_c64be.dir/CheckFunctionExists.c.o   -c /usr/share/cmake-3.16/Modules/CheckFunctionExists.c
Linking C executable cmTC_c64be
/usr/bin/cmake -E cmake_link_script CMakeFiles/cmTC_c64be.dir/link.txt --verbose=1
/bin/gcc-9 -fPIC -DCHECK_FUNCTION_EXISTS=pthread_create    CMakeFiles/cmTC_c64be.dir/CheckFunctionExists.c.o  -o cmTC_c64be  -lpthreads 
/usr/bin/ld: невозможно найти -lpthreads
collect2: error: ld returned 1 exit status
make[1]: *** [CMakeFiles/cmTC_c64be.dir/build.make:87: cmTC_c64be] Ошибка 1
make[1]: выход из каталога «/home/victor/workspace/cpp/projects/Calibration/build/CMakeFiles/CMakeTmp»
make: *** [Makefile:121: cmTC_c64be/fast] Ошибка 2



